Error processing file: /home/swebb/oz100/archive_NOAO_data/data_drop/c4d_150228_082455_osj_i_v1.fits.fz
  in HDU number 2
Input file is unchanged.
funpack /home/swebb/oz100/archive_NOAO_data/data_drop/c4d_160730_060753_osj_i_v1.fits.fz
funpack /home/swebb/oz100/archive_NOAO_data/data_drop/c4d_160727_101634_osj_i_v1.fits.fz
funpack /home/swebb/oz100/archive_NOAO_data/data_drop/c4d_150228_085221_osj_r_v1.fits.fz
funpack /home/swebb/oz100/archive_NOAO_data/data_drop/c4d_180606_232904_osj_r_v1.fits.fz
funpack /home/swebb/oz100/archive_NOAO_data/data_drop/c4d_150301_001623_osj_r_v1.fits.fz
funpack /home/swebb/oz100/archive_NOAO_data/data_drop/c4d_180606_225737_osj_r_v1.fits.fz
funpack /home/swebb/oz100/archive_NOAO_data/data_drop/c4d_151220_065942_osj_i_v1.fits.fz
funpack /home/swebb/oz100/archive_NOAO_data/data_drop/c4d_150301_023103_osj_r_v1.fits.fz
funpack /home/swebb/oz100/archive_NOAO_data/data_drop/c4d_150228_060614_osj_r_v1.fits.fz
funpack /home/swebb/oz100/archive_NOAO_data/data_drop/c4d_150228_055211_osj_r_v1.fits.fz
funpack /home/swebb/oz100/archive_NOAO_data/data_drop/c4d_170202_090508_osj_r_v1.fits.fz
funpack /home/swebb/oz100/archive_NOAO_data/data_drop/c4d_150301_025943_osj_r_v1.fits.fz
funpack /home/swebb/oz100/archive_NOAO_data/data_drop/c4d_150301_060417_osj_i_v1.fits.fz
funpack /home/swebb/oz100/archive_NOAO_data/data_drop/c4d_151221_044905_osj_r_v1.fits.fz
funpack /home/swebb/oz100/archive_NOAO_data/data_drop/c4d_180607_034443_osj_r_v1.fits.fz
funpack /home/swebb/oz100/archive_NOAO_data/data_drop/c4d_150228_052501_osj_r_v1.fits.fz
funpack /home/swebb/oz100/archive_NOAO_data/data_drop/c4d_180608_010801_osj_i_v1.fits.fz
funpack /home/swebb/oz100/archive_NOAO_data/data_drop/c4d_150228_065851_osj_r_v1.fits.fz
funpack /home/swebb/oz100/archive_NOAO_data/data_drop/c4d_151218_081438_osj_r_v1.fits.fz
funpack /home/swebb/oz100/archive_NOAO_data/data_drop/c4d_151231_071507_osj_i_v1.fits.fz
funpack /home/swebb/oz100/archive_NOAO_data/data_drop/c4d_150301_011159_osj_r_v1.fits.fz
funpack /home/swebb/oz100/archive_NOAO_data/data_drop/c4d_170206_061646_osj_i_v1.fits.fz
funpack /home/swebb/oz100/archive_NOAO_data/data_drop/c4d_180607_033118_osj_i_v1.fits.fz
funpack /home/swebb/oz100/archive_NOAO_data/data_drop/c4d_150301_020601_osj_r_v1.fits.fz
funpack /home/swebb/oz100/archive_NOAO_data/data_drop/c4d_180607_042921_osj_r_v1.fits.fz
funpack /home/swebb/oz100/archive_NOAO_data/data_drop/c4d_170202_091324_osj_i_v1.fits.fz
funpack /home/swebb/oz100/archive_NOAO_data/data_drop/c4d_150301_004543_osj_r_v1.fits.fz
funpack /home/swebb/oz100/archive_NOAO_data/data_drop/c4d_180606_231541_osj_i_v1.fits.fz
funpack /home/swebb/oz100/archive_NOAO_data/data_drop/c4d_151218_081842_osj_i_v1.fits.fz
funpack /home/swebb/oz100/archive_NOAO_data/data_drop/c4d_180607_041552_osj_i_v1.fits.fz
funpack /home/swebb/oz100/archive_NOAO_data/data_drop/c4d_150301_044224_osj_r_v1.fits.fz
funpack /home/swebb/oz100/archive_NOAO_data/data_drop/c4d_160730_055947_osj_r_v1.fits.fz
funpack /home/swebb/oz100/archive_NOAO_data/data_drop/c4d_180608_012524_osj_r_v1.fits.fz
funpack /home/swebb/oz100/archive_NOAO_data/data_drop/c4d_151220_065545_osj_r_v1.fits.fz
funpack /home/swebb/oz100/archive_NOAO_data/data_drop/c4d_150301_090125_osj_i_v1.fits.fz
funpack /home/swebb/oz100/archive_NOAO_data/data_drop/c4d_180607_011426_osj_i_v1.fits.fz
funpack /home/swebb/oz100/archive_NOAO_data/data_drop/c4d_180607_012750_osj_r_v1.fits.fz
funpack /home/swebb/oz100/archive_NOAO_data/data_drop/c4d_150301_052252_osj_i_v1.fits.fz
funpack /home/swebb/oz100/archive_NOAO_data/data_drop/c4d_150228_040959_osj_r_v1.fits.fz
funpack /home/swebb/oz100/archive_NOAO_data/data_drop/c4d_150301_074951_osj_i_v1.fits.fz
funpack /home/swebb/oz100/archive_NOAO_data/data_drop/c4d_160726_002549_osj_r_v1.fits.fz
funpack /home/swebb/oz100/archive_NOAO_data/data_drop/c4d_151231_073049_osj_r_v1.fits.fz
funpack /home/swebb/oz100/archive_NOAO_data/data_drop/c4d_180609_030727_osj_z_v1.fits.fz
funpack /home/swebb/oz100/archive_NOAO_data/data_drop/c4d_170203_050808_osj_r_v1.fits.fz
funpack /home/swebb/oz100/archive_NOAO_data/data_drop/c4d_150301_033024_osj_r_v1.fits.fz
funpack /home/swebb/oz100/archive_NOAO_data/data_drop/c4d_150228_082455_osj_i_v1.fits.fz
funpack /home/swebb/oz100/archive_NOAO_data/data_drop/c4d_150301_071442_osj_i_v1.fits.fz
funpack /home/swebb/oz100/archive_NOAO_data/data_drop/c4d_160726_003417_osj_i_v1.fits.fz
funpack /home/swebb/oz100/archive_NOAO_data/data_drop/c4d_150301_040530_osj_r_v1.fits.fz
funpack /home/swebb/oz100/archive_NOAO_data/data_drop/c4d_170205_073451_osj_i_v1.fits.fz
funpack /home/swebb/oz100/archive_NOAO_data/data_drop/c4d_150228_044628_osj_r_v1.fits.fz
funpack /home/swebb/oz100/archive_NOAO_data/data_drop/c4d_150228_061330_osj_i_v1.fits.fz
funpack /home/swebb/oz100/archive_NOAO_data/data_drop/c4d_151222_070134_osj_i_v1.fits.fz
funpack /home/swebb/oz100/archive_NOAO_data/data_drop/c4d_180606_224412_osj_i_v1.fits.fz
funpack /home/swebb/oz100/archive_NOAO_data/data_drop/c4d_170205_072646_osj_r_v1.fits.fz
funpack /home/swebb/oz100/archive_NOAO_data/data_drop/c4d_150301_063929_osj_i_v1.fits.fz
funpack /home/swebb/oz100/archive_NOAO_data/data_drop/c4d_170205_062228_osj_r_v1.fits.fz
funpack /home/swebb/oz100/archive_NOAO_data/data_drop/c4d_150301_013809_osj_r_v1.fits.fz
funpack /home/swebb/oz100/archive_NOAO_data/data_drop/c4d_151222_045451_osj_i_v1.fits.fz
funpack /home/swebb/oz100/archive_NOAO_data/data_drop/c4d_170202_085624_osj_r_v1.fits.fz
funpack /home/swebb/oz100/archive_NOAO_data/data_drop/c4d_170203_083731_osj_i_v1.fits.fz
funpack /home/swebb/oz100/archive_NOAO_data/data_drop/c4d_160727_101230_osj_r_v1.fits.fz
